  Animation.cpp
C:\Users\rgold\OneDrive - Staffordshire University\Games Engine Creation\Semester 2\Mario\SuperMario\Super Mario\Animation.cpp(8,74): warning C4244: 'argument': conversion from 'int' to 'float', possible loss of data
C:\Users\rgold\OneDrive - Staffordshire University\Games Engine Creation\Semester 2\Mario\SuperMario\Super Mario\Animation.cpp(8,54): warning C4244: 'argument': conversion from 'int' to 'float', possible loss of data
C:\Users\rgold\OneDrive - Staffordshire University\Games Engine Creation\Semester 2\Mario\SuperMario\Super Mario\Animation.cpp(34,47): warning C4244: '=': conversion from 'float' to 'int', possible loss of data
C:\Users\rgold\OneDrive - Staffordshire University\Games Engine Creation\Semester 2\Mario\SuperMario\Super Mario\Animation.cpp(38,43): warning C4244: '=': conversion from 'float' to 'int', possible loss of data
C:\Users\rgold\OneDrive - Staffordshire University\Games Engine Creation\Semester 2\Mario\SuperMario\Super Mario\Animation.cpp(42,42): warning C4244: '=': conversion from 'float' to 'int', possible loss of data
C:\Users\rgold\OneDrive - Staffordshire University\Games Engine Creation\Semester 2\Mario\SuperMario\Super Mario\Animation.cpp(65,47): warning C4244: '=': conversion from 'float' to 'int', possible loss of data
C:\Users\rgold\OneDrive - Staffordshire University\Games Engine Creation\Semester 2\Mario\SuperMario\Super Mario\Animation.cpp(69,43): warning C4244: '=': conversion from 'float' to 'int', possible loss of data
  Brick.cpp
C:\Users\rgold\OneDrive - Staffordshire University\Games Engine Creation\Semester 2\Mario\SuperMario\Super Mario\Animation.cpp(73,42): warning C4244: '=': conversion from 'float' to 'int', possible loss of data
C:\Users\rgold\OneDrive - Staffordshire University\Games Engine Creation\Semester 2\Mario\SuperMario\Super Mario\Brick.cpp(13,28): warning C4244: '=': conversion from 'float' to 'int', possible loss of data
C:\Users\rgold\OneDrive - Staffordshire University\Games Engine Creation\Semester 2\Mario\SuperMario\Super Mario\Brick.cpp(32,28): warning C4244: '=': conversion from 'float' to 'int', possible loss of data
C:\Users\rgold\OneDrive - Staffordshire University\Games Engine Creation\Semester 2\Mario\SuperMario\Super Mario\Brick.cpp(59,28): warning C4244: '=': conversion from 'float' to 'int', possible loss of data
C:\Users\rgold\OneDrive - Staffordshire University\Games Engine Creation\Semester 2\Mario\SuperMario\Super Mario\Brick.cpp(94,22): warning C4018: '<': signed/unsigned mismatch
C:\Users\rgold\OneDrive - Staffordshire University\Games Engine Creation\Semester 2\Mario\SuperMario\Super Mario\Brick.cpp(111,29): warning C4305: '+=': truncation from 'double' to 'float'
C:\Users\rgold\OneDrive - Staffordshire University\Games Engine Creation\Semester 2\Mario\SuperMario\Super Mario\Brick.cpp(112,24): warning C4305: '+=': truncation from 'double' to 'float'
C:\Users\rgold\OneDrive - Staffordshire University\Games Engine Creation\Semester 2\Mario\SuperMario\Super Mario\Brick.cpp(232,21): warning C4305: '-=': truncation from 'double' to 'float'
  Coin.cpp
  Enemy.cpp
  Entity.cpp
C:\Users\rgold\OneDrive - Staffordshire University\Games Engine Creation\Semester 2\Mario\SuperMario\Super Mario\Brick.cpp(240,21): warning C4305: '+=': truncation from 'double' to 'float'
C:\Users\rgold\OneDrive - Staffordshire University\Games Engine Creation\Semester 2\Mario\SuperMario\Super Mario\Entity.cpp(36,24): warning C4244: '=': conversion from 'float' to 'int', possible loss of data
C:\Users\rgold\OneDrive - Staffordshire University\Games Engine Creation\Semester 2\Mario\SuperMario\Super Mario\Entity.cpp(37,24): warning C4244: '=': conversion from 'float' to 'int', possible loss of data
C:\Users\rgold\OneDrive - Staffordshire University\Games Engine Creation\Semester 2\Mario\SuperMario\Super Mario\Entity.cpp(116,31): warning C4244: '=': conversion from 'float' to 'int', possible loss of data
C:\Users\rgold\OneDrive - Staffordshire University\Games Engine Creation\Semester 2\Mario\SuperMario\Super Mario\Entity.cpp(117,31): warning C4244: '=': conversion from 'float' to 'int', possible loss of data
C:\Users\rgold\OneDrive - Staffordshire University\Games Engine Creation\Semester 2\Mario\SuperMario\Super Mario\Entity.cpp(118,32): warning C4244: '=': conversion from 'float' to 'int', possible loss of data
C:\Users\rgold\OneDrive - Staffordshire University\Games Engine Creation\Semester 2\Mario\SuperMario\Super Mario\Entity.cpp(119,32): warning C4244: '=': conversion from 'float' to 'int', possible loss of data
C:\Users\rgold\OneDrive - Staffordshire University\Games Engine Creation\Semester 2\Mario\SuperMario\Super Mario\Entity.cpp(120,30): warning C4244: '=': conversion from 'float' to 'int', possible loss of data
C:\Users\rgold\OneDrive - Staffordshire University\Games Engine Creation\Semester 2\Mario\SuperMario\Super Mario\Entity.cpp(121,30): warning C4244: '=': conversion from 'float' to 'int', possible loss of data
C:\Users\rgold\OneDrive - Staffordshire University\Games Engine Creation\Semester 2\Mario\SuperMario\Super Mario\Entity.cpp(122,33): warning C4244: '=': conversion from 'float' to 'int', possible loss of data
C:\Users\rgold\OneDrive - Staffordshire University\Games Engine Creation\Semester 2\Mario\SuperMario\Super Mario\Entity.cpp(123,33): warning C4244: '=': conversion from 'float' to 'int', possible loss of data
C:\Users\rgold\OneDrive - Staffordshire University\Games Engine Creation\Semester 2\Mario\SuperMario\Super Mario\Entity.cpp(128,31): warning C4244: '=': conversion from 'float' to 'int', possible loss of data
C:\Users\rgold\OneDrive - Staffordshire University\Games Engine Creation\Semester 2\Mario\SuperMario\Super Mario\Entity.cpp(129,31): warning C4244: '=': conversion from 'float' to 'int', possible loss of data
C:\Users\rgold\OneDrive - Staffordshire University\Games Engine Creation\Semester 2\Mario\SuperMario\Super Mario\Entity.cpp(131,32): warning C4244: '=': conversion from 'float' to 'int', possible loss of data
C:\Users\rgold\OneDrive - Staffordshire University\Games Engine Creation\Semester 2\Mario\SuperMario\Super Mario\Entity.cpp(132,32): warning C4244: '=': conversion from 'float' to 'int', possible loss of data
C:\Users\rgold\OneDrive - Staffordshire University\Games Engine Creation\Semester 2\Mario\SuperMario\Super Mario\Entity.cpp(134,30): warning C4244: '=': conversion from 'float' to 'int', possible loss of data
C:\Users\rgold\OneDrive - Staffordshire University\Games Engine Creation\Semester 2\Mario\SuperMario\Super Mario\Entity.cpp(135,30): warning C4244: '=': conversion from 'float' to 'int', possible loss of data
C:\Users\rgold\OneDrive - Staffordshire University\Games Engine Creation\Semester 2\Mario\SuperMario\Super Mario\Entity.cpp(137,33): warning C4244: '=': conversion from 'float' to 'int', possible loss of data
  FireFlower.cpp
C:\Users\rgold\OneDrive - Staffordshire University\Games Engine Creation\Semester 2\Mario\SuperMario\Super Mario\Entity.cpp(138,33): warning C4244: '=': conversion from 'float' to 'int', possible loss of data
C:\Users\rgold\OneDrive - Staffordshire University\Games Engine Creation\Semester 2\Mario\SuperMario\Super Mario\FireFlower.cpp(8,25): warning C4244: '=': conversion from 'float' to 'int', possible loss of data
  GameScreenLevel1.cpp
C:\Users\rgold\OneDrive - Staffordshire University\Games Engine Creation\Semester 2\Mario\SuperMario\Super Mario\FireFlower.cpp(27,22): warning C4305: '-=': truncation from 'double' to 'float'
C:\Users\rgold\OneDrive - Staffordshire University\Games Engine Creation\Semester 2\Mario\SuperMario\Super Mario\GameScreenLevel1.cpp(63,20): warning C4018: '<': signed/unsigned mismatch
C:\Users\rgold\OneDrive - Staffordshire University\Games Engine Creation\Semester 2\Mario\SuperMario\Super Mario\GameScreenLevel1.cpp(70,20): warning C4018: '<': signed/unsigned mismatch
C:\Users\rgold\OneDrive - Staffordshire University\Games Engine Creation\Semester 2\Mario\SuperMario\Super Mario\GameScreenLevel1.cpp(77,20): warning C4018: '<': signed/unsigned mismatch
C:\Users\rgold\OneDrive - Staffordshire University\Games Engine Creation\Semester 2\Mario\SuperMario\Super Mario\GameScreenLevel1.cpp(92,35): warning C4244: '=': conversion from 'float' to 'int', possible loss of data
C:\Users\rgold\OneDrive - Staffordshire University\Games Engine Creation\Semester 2\Mario\SuperMario\Super Mario\GameScreenLevel1.cpp(113,38): warning C4244: '=': conversion from 'int' to 'float', possible loss of data
C:\Users\rgold\OneDrive - Staffordshire University\Games Engine Creation\Semester 2\Mario\SuperMario\Super Mario\GameScreenLevel1.cpp(116,20): warning C4018: '<': signed/unsigned mismatch
C:\Users\rgold\OneDrive - Staffordshire University\Games Engine Creation\Semester 2\Mario\SuperMario\Super Mario\GameScreenLevel1.cpp(124,69): warning C4244: 'argument': conversion from 'int' to 'float', possible loss of data
C:\Users\rgold\OneDrive - Staffordshire University\Games Engine Creation\Semester 2\Mario\SuperMario\Super Mario\GameScreenLevel1.cpp(140,20): warning C4018: '<': signed/unsigned mismatch
C:\Users\rgold\OneDrive - Staffordshire University\Games Engine Creation\Semester 2\Mario\SuperMario\Super Mario\GameScreenLevel1.cpp(156,20): warning C4018: '<': signed/unsigned mismatch
C:\Users\rgold\OneDrive - Staffordshire University\Games Engine Creation\Semester 2\Mario\SuperMario\Super Mario\GameScreenLevel1.cpp(163,20): warning C4018: '<': signed/unsigned mismatch
C:\Users\rgold\OneDrive - Staffordshire University\Games Engine Creation\Semester 2\Mario\SuperMario\Super Mario\GameScreenLevel1.cpp(215,21): warning C4018: '<': signed/unsigned mismatch
C:\Users\rgold\OneDrive - Staffordshire University\Games Engine Creation\Semester 2\Mario\SuperMario\Super Mario\GameScreenLevel1.cpp(219,21): warning C4018: '<': signed/unsigned mismatch
C:\Users\rgold\OneDrive - Staffordshire University\Games Engine Creation\Semester 2\Mario\SuperMario\Super Mario\GameScreenLevel1.cpp(226,21): warning C4018: '<': signed/unsigned mismatch
C:\Users\rgold\OneDrive - Staffordshire University\Games Engine Creation\Semester 2\Mario\SuperMario\Super Mario\GameScreenLevel1.cpp(233,21): warning C4018: '<': signed/unsigned mismatch
C:\Users\rgold\OneDrive - Staffordshire University\Games Engine Creation\Semester 2\Mario\SuperMario\Super Mario\GameScreenLevel1.cpp(245,20): warning C4018: '<': signed/unsigned mismatch
C:\Users\rgold\OneDrive - Staffordshire University\Games Engine Creation\Semester 2\Mario\SuperMario\Super Mario\GameScreenLevel1.cpp(290,27): warning C4018: '<': signed/unsigned mismatch
C:\Users\rgold\OneDrive - Staffordshire University\Games Engine Creation\Semester 2\Mario\SuperMario\Super Mario\GameScreenLevel1.cpp(330,20): warning C4018: '<': signed/unsigned mismatch
C:\Users\rgold\OneDrive - Staffordshire University\Games Engine Creation\Semester 2\Mario\SuperMario\Super Mario\GameScreenLevel1.cpp(367,20): warning C4018: '<': signed/unsigned mismatch
C:\Users\rgold\OneDrive - Staffordshire University\Games Engine Creation\Semester 2\Mario\SuperMario\Super Mario\GameScreenLevel1.cpp(392,20): warning C4018: '<': signed/unsigned mismatch
  GameScreenManager.cpp
C:\Users\rgold\OneDrive - Staffordshire University\Games Engine Creation\Semester 2\Mario\SuperMario\Super Mario\GameScreenLevel1.cpp(424,20): warning C4018: '<': signed/unsigned mismatch
C:\Users\rgold\OneDrive - Staffordshire University\Games Engine Creation\Semester 2\Mario\SuperMario\Super Mario\MainMenu.h(41,49): warning C4244: 'argument': conversion from 'int' to 'float', possible loss of data
C:\Users\rgold\OneDrive - Staffordshire University\Games Engine Creation\Semester 2\Mario\SuperMario\Super Mario\MainMenu.h(41,38): warning C4244: 'argument': conversion from 'int' to 'float', possible loss of data
C:\Users\rgold\OneDrive - Staffordshire University\Games Engine Creation\Semester 2\Mario\SuperMario\Super Mario\MainMenu.h(44,63): warning C4244: 'argument': conversion from 'int' to 'float', possible loss of data
C:\Users\rgold\OneDrive - Staffordshire University\Games Engine Creation\Semester 2\Mario\SuperMario\Super Mario\MainMenu.h(44,47): warning C4244: 'argument': conversion from 'int' to 'float', possible loss of data
C:\Users\rgold\OneDrive - Staffordshire University\Games Engine Creation\Semester 2\Mario\SuperMario\Super Mario\MainMenu.h(45,80): warning C4244: 'argument': conversion from 'int' to 'float', possible loss of data
C:\Users\rgold\OneDrive - Staffordshire University\Games Engine Creation\Semester 2\Mario\SuperMario\Super Mario\MainMenu.h(45,64): warning C4244: 'argument': conversion from 'int' to 'float', possible loss of data
C:\Users\rgold\OneDrive - Staffordshire University\Games Engine Creation\Semester 2\Mario\SuperMario\Super Mario\MainMenu.h(53,43): warning C4244: 'argument': conversion from 'int' to 'float', possible loss of data
  Main.cpp
  MainMenu.cpp
C:\Users\rgold\OneDrive - Staffordshire University\Games Engine Creation\Semester 2\Mario\SuperMario\Super Mario\MainMenu.h(53,35): warning C4244: 'argument': conversion from 'int' to 'float', possible loss of data
C:\Users\rgold\OneDrive - Staffordshire University\Games Engine Creation\Semester 2\Mario\SuperMario\Super Mario\MainMenu.h(41,49): warning C4244: 'argument': conversion from 'int' to 'float', possible loss of data
C:\Users\rgold\OneDrive - Staffordshire University\Games Engine Creation\Semester 2\Mario\SuperMario\Super Mario\MainMenu.h(41,38): warning C4244: 'argument': conversion from 'int' to 'float', possible loss of data
C:\Users\rgold\OneDrive - Staffordshire University\Games Engine Creation\Semester 2\Mario\SuperMario\Super Mario\MainMenu.h(44,63): warning C4244: 'argument': conversion from 'int' to 'float', possible loss of data
C:\Users\rgold\OneDrive - Staffordshire University\Games Engine Creation\Semester 2\Mario\SuperMario\Super Mario\MainMenu.h(44,47): warning C4244: 'argument': conversion from 'int' to 'float', possible loss of data
C:\Users\rgold\OneDrive - Staffordshire University\Games Engine Creation\Semester 2\Mario\SuperMario\Super Mario\MainMenu.h(45,80): warning C4244: 'argument': conversion from 'int' to 'float', possible loss of data
C:\Users\rgold\OneDrive - Staffordshire University\Games Engine Creation\Semester 2\Mario\SuperMario\Super Mario\MainMenu.h(45,64): warning C4244: 'argument': conversion from 'int' to 'float', possible loss of data
C:\Users\rgold\OneDrive - Staffordshire University\Games Engine Creation\Semester 2\Mario\SuperMario\Super Mario\MainMenu.h(53,43): warning C4244: 'argument': conversion from 'int' to 'float', possible loss of data
C:\Users\rgold\OneDrive - Staffordshire University\Games Engine Creation\Semester 2\Mario\SuperMario\Super Mario\MainMenu.h(53,35): warning C4244: 'argument': conversion from 'int' to 'float', possible loss of data
  MapLoader.cpp
C:\Users\rgold\OneDrive - Staffordshire University\Games Engine Creation\Semester 2\Mario\SuperMario\Super Mario\MainMenu.cpp(95,33): warning C4101: 'e': unreferenced local variable
C:\Users\rgold\OneDrive - Staffordshire University\Games Engine Creation\Semester 2\Mario\SuperMario\Super Mario\MapLoader.cpp(16,22): warning C4018: '<': signed/unsigned mismatch
C:\Users\rgold\OneDrive - Staffordshire University\Games Engine Creation\Semester 2\Mario\SuperMario\Super Mario\MapLoader.cpp(41,141): warning C4244: 'argument': conversion from 'int' to 'float', possible loss of data
C:\Users\rgold\OneDrive - Staffordshire University\Games Engine Creation\Semester 2\Mario\SuperMario\Super Mario\MapLoader.cpp(41,104): warning C4244: 'argument': conversion from 'int' to 'float', possible loss of data
C:\Users\rgold\OneDrive - Staffordshire University\Games Engine Creation\Semester 2\Mario\SuperMario\Super Mario\MapLoader.cpp(47,142): warning C4244: 'argument': conversion from 'int' to 'float', possible loss of data
C:\Users\rgold\OneDrive - Staffordshire University\Games Engine Creation\Semester 2\Mario\SuperMario\Super Mario\MapLoader.cpp(47,105): warning C4244: 'argument': conversion from 'int' to 'float', possible loss of data
C:\Users\rgold\OneDrive - Staffordshire University\Games Engine Creation\Semester 2\Mario\SuperMario\Super Mario\MapLoader.cpp(53,149): warning C4244: 'argument': conversion from 'int' to 'float', possible loss of data
C:\Users\rgold\OneDrive - Staffordshire University\Games Engine Creation\Semester 2\Mario\SuperMario\Super Mario\MapLoader.cpp(53,112): warning C4244: 'argument': conversion from 'int' to 'float', possible loss of data
C:\Users\rgold\OneDrive - Staffordshire University\Games Engine Creation\Semester 2\Mario\SuperMario\Super Mario\MapLoader.cpp(59,149): warning C4244: 'argument': conversion from 'int' to 'float', possible loss of data
C:\Users\rgold\OneDrive - Staffordshire University\Games Engine Creation\Semester 2\Mario\SuperMario\Super Mario\MapLoader.cpp(59,112): warning C4244: 'argument': conversion from 'int' to 'float', possible loss of data
C:\Users\rgold\OneDrive - Staffordshire University\Games Engine Creation\Semester 2\Mario\SuperMario\Super Mario\MapLoader.cpp(65,141): warning C4244: 'argument': conversion from 'int' to 'float', possible loss of data
C:\Users\rgold\OneDrive - Staffordshire University\Games Engine Creation\Semester 2\Mario\SuperMario\Super Mario\MapLoader.cpp(65,104): warning C4244: 'argument': conversion from 'int' to 'float', possible loss of data
C:\Users\rgold\OneDrive - Staffordshire University\Games Engine Creation\Semester 2\Mario\SuperMario\Super Mario\MapLoader.cpp(66,134): warning C4244: 'argument': conversion from 'int' to 'float', possible loss of data
C:\Users\rgold\OneDrive - Staffordshire University\Games Engine Creation\Semester 2\Mario\SuperMario\Super Mario\MapLoader.cpp(66,97): warning C4244: 'argument': conversion from 'int' to 'float', possible loss of data
C:\Users\rgold\OneDrive - Staffordshire University\Games Engine Creation\Semester 2\Mario\SuperMario\Super Mario\MapLoader.cpp(72,141): warning C4244: 'argument': conversion from 'int' to 'float', possible loss of data
C:\Users\rgold\OneDrive - Staffordshire University\Games Engine Creation\Semester 2\Mario\SuperMario\Super Mario\MapLoader.cpp(72,104): warning C4244: 'argument': conversion from 'int' to 'float', possible loss of data
C:\Users\rgold\OneDrive - Staffordshire University\Games Engine Creation\Semester 2\Mario\SuperMario\Super Mario\MapLoader.cpp(78,138): warning C4244: 'argument': conversion from 'int' to 'float', possible loss of data
C:\Users\rgold\OneDrive - Staffordshire University\Games Engine Creation\Semester 2\Mario\SuperMario\Super Mario\MapLoader.cpp(78,101): warning C4244: 'argument': conversion from 'int' to 'float', possible loss of data
C:\Users\rgold\OneDrive - Staffordshire University\Games Engine Creation\Semester 2\Mario\SuperMario\Super Mario\MapLoader.cpp(85,138): warning C4244: 'argument': conversion from 'int' to 'float', possible loss of data
C:\Users\rgold\OneDrive - Staffordshire University\Games Engine Creation\Semester 2\Mario\SuperMario\Super Mario\MapLoader.cpp(85,101): warning C4244: 'argument': conversion from 'int' to 'float', possible loss of data
C:\Users\rgold\OneDrive - Staffordshire University\Games Engine Creation\Semester 2\Mario\SuperMario\Super Mario\MapLoader.cpp(91,143): warning C4244: 'argument': conversion from 'int' to 'float', possible loss of data
  Mushroom.cpp
C:\Users\rgold\OneDrive - Staffordshire University\Games Engine Creation\Semester 2\Mario\SuperMario\Super Mario\MapLoader.cpp(91,106): warning C4244: 'argument': conversion from 'int' to 'float', possible loss of data
C:\Users\rgold\OneDrive - Staffordshire University\Games Engine Creation\Semester 2\Mario\SuperMario\Super Mario\Mushroom.cpp(10,25): warning C4244: '=': conversion from 'float' to 'int', possible loss of data
  Pipe.cpp
  Player.cpp
C:\Users\rgold\OneDrive - Staffordshire University\Games Engine Creation\Semester 2\Mario\SuperMario\Super Mario\Mushroom.cpp(30,22): warning C4305: '-=': truncation from 'double' to 'float'
C:\Users\rgold\OneDrive - Staffordshire University\Games Engine Creation\Semester 2\Mario\SuperMario\Super Mario\Player.cpp(408,16): warning C4244: 'initializing': conversion from 'double' to 'float', possible loss of data
C:\Users\rgold\OneDrive - Staffordshire University\Games Engine Creation\Semester 2\Mario\SuperMario\Super Mario\Player.cpp(409,22): warning C4305: '+=': truncation from 'double' to 'float'
  PowerUp.cpp
  Text.cpp
  Texture2D.cpp
  Generating Code...
C:\Users\rgold\OneDrive - Staffordshire University\Games Engine Creation\Semester 2\Mario\SuperMario\Super Mario\Player.cpp(418,51): warning C4244: 'argument': conversion from 'float' to 'Uint8', possible loss of data
  Super Mario.vcxproj -> C:\Users\rgold\OneDrive - Staffordshire University\Games Engine Creation\Semester 2\Mario\SuperMario\Debug\Super Mario.exe
