c:\users\rgold\onedrive - staffordshire university\games engine creation\semester 2\mario\supermario\super mario\debug\vc142.pdb
c:\users\rgold\onedrive - staffordshire university\games engine creation\semester 2\mario\supermario\super mario\debug\vc142.idb
c:\users\rgold\onedrive - staffordshire university\games engine creation\semester 2\mario\supermario\super mario\debug\texture2d.obj
c:\users\rgold\onedrive - staffordshire university\games engine creation\semester 2\mario\supermario\super mario\debug\main.obj
c:\users\rgold\onedrive - staffordshire university\games engine creation\semester 2\mario\supermario\super mario\debug\gamescreen.obj
c:\users\rgold\onedrive - staffordshire university\games engine creation\semester 2\mario\supermario\super mario\debug\entity.obj
c:\users\rgold\onedrive - staffordshire university\games engine creation\semester 2\mario\supermario\super mario\debug\animation.obj
c:\users\rgold\onedrive - staffordshire university\games engine creation\semester 2\mario\supermario\super mario\debug\player.obj
c:\users\rgold\onedrive - staffordshire university\games engine creation\semester 2\mario\supermario\super mario\debug\gamescreenmanager.obj
c:\users\rgold\onedrive - staffordshire university\games engine creation\semester 2\mario\supermario\super mario\debug\gamescreenlevel1.obj
c:\users\rgold\onedrive - staffordshire university\games engine creation\semester 2\mario\supermario\super mario\debug\brick.obj
c:\users\rgold\onedrive - staffordshire university\games engine creation\semester 2\mario\supermario\super mario\debug\mushroom.obj
c:\users\rgold\onedrive - staffordshire university\games engine creation\semester 2\mario\supermario\super mario\debug\character.obj
c:\users\rgold\onedrive - staffordshire university\games engine creation\semester 2\mario\supermario\super mario\debug\source.obj
c:\users\rgold\onedrive - staffordshire university\games engine creation\semester 2\mario\supermario\super mario\debug\animation.new.obj.enc
c:\users\rgold\onedrive - staffordshire university\games engine creation\semester 2\mario\supermario\super mario\debug\brick.new.obj.enc
c:\users\rgold\onedrive - staffordshire university\games engine creation\semester 2\mario\supermario\super mario\debug\entity.new.obj.enc
c:\users\rgold\onedrive - staffordshire university\games engine creation\semester 2\mario\supermario\super mario\debug\gamescreenlevel1.new.obj.enc
c:\users\rgold\onedrive - staffordshire university\games engine creation\semester 2\mario\supermario\super mario\debug\gamescreenmanager.new.obj.enc
c:\users\rgold\onedrive - staffordshire university\games engine creation\semester 2\mario\supermario\super mario\debug\main.new.obj.enc
c:\users\rgold\onedrive - staffordshire university\games engine creation\semester 2\mario\supermario\super mario\debug\player.new.obj.enc
c:\users\rgold\onedrive - staffordshire university\games engine creation\semester 2\mario\supermario\super mario\debug\texture2d.new.obj.enc
c:\users\rgold\onedrive - staffordshire university\games engine creation\semester 2\mario\supermario\debug\super mario.pdb
c:\users\rgold\onedrive - staffordshire university\games engine creation\semester 2\mario\supermario\super mario\debug\super mario.tlog\cl.command.1.tlog
c:\users\rgold\onedrive - staffordshire university\games engine creation\semester 2\mario\supermario\super mario\debug\super mario.tlog\cl.read.1.tlog
c:\users\rgold\onedrive - staffordshire university\games engine creation\semester 2\mario\supermario\super mario\debug\super mario.tlog\cl.write.1-desktop-qi9pa2j.tlog
c:\users\rgold\onedrive - staffordshire university\games engine creation\semester 2\mario\supermario\super mario\debug\super mario.tlog\link.14700.read.1.tlog
c:\users\rgold\onedrive - staffordshire university\games engine creation\semester 2\mario\supermario\super mario\debug\super mario.tlog\link.14700.write.1.tlog
c:\users\rgold\onedrive - staffordshire university\games engine creation\semester 2\mario\supermario\super mario\debug\super mario.tlog\link.19472.read.1.tlog
c:\users\rgold\onedrive - staffordshire university\games engine creation\semester 2\mario\supermario\super mario\debug\super mario.tlog\link.19472.write.1.tlog
c:\users\rgold\onedrive - staffordshire university\games engine creation\semester 2\mario\supermario\super mario\debug\super mario.tlog\link.4076.read.1.tlog
c:\users\rgold\onedrive - staffordshire university\games engine creation\semester 2\mario\supermario\super mario\debug\super mario.tlog\link.4076.write.1.tlog
c:\users\rgold\onedrive - staffordshire university\games engine creation\semester 2\mario\supermario\super mario\debug\super mario.tlog\link.9136.read.1.tlog
c:\users\rgold\onedrive - staffordshire university\games engine creation\semester 2\mario\supermario\super mario\debug\super mario.tlog\link.command.1.tlog
c:\users\rgold\onedrive - staffordshire university\games engine creation\semester 2\mario\supermario\super mario\debug\super mario.tlog\link.read.1.tlog
c:\users\rgold\onedrive - staffordshire university\games engine creation\semester 2\mario\supermario\super mario\debug\super mario.tlog\link.write.1.tlog
